00:25:57.036 [hanhan housekeeper] WARN  com.zaxxer.hikari.pool.HikariPool - hanhan - Thread starvation or clock leap detected (housekeeper delta=31m28s815ms).
01:49:45.945 [hanhan housekeeper] WARN  com.zaxxer.hikari.pool.HikariPool - hanhan - Thread starvation or clock leap detected (housekeeper delta=1h23m48s902ms).
02:58:39.062 [hanhan housekeeper] WARN  com.zaxxer.hikari.pool.HikariPool - hanhan - Thread starvation or clock leap detected (housekeeper delta=1h8m53s124ms).
03:50:12.629 [hanhan housekeeper] WARN  com.zaxxer.hikari.pool.HikariPool - hanhan - Thread starvation or clock leap detected (housekeeper delta=51m33s566ms).
04:40:17.232 [hanhan housekeeper] WARN  com.zaxxer.hikari.pool.HikariPool - hanhan - Thread starvation or clock leap detected (housekeeper delta=50m4s604ms).
05:08:58.533 [hanhan housekeeper] WARN  com.zaxxer.hikari.pool.HikariPool - hanhan - Thread starvation or clock leap detected (housekeeper delta=28m41s301ms).
05:57:52.068 [hanhan housekeeper] WARN  com.zaxxer.hikari.pool.HikariPool - hanhan - Thread starvation or clock leap detected (housekeeper delta=48m23s514ms).
06:40:04.879 [hanhan housekeeper] WARN  com.zaxxer.hikari.pool.HikariPool - hanhan - Thread starvation or clock leap detected (housekeeper delta=42m12s815ms).
06:56:05.933 [hanhan housekeeper] WARN  com.zaxxer.hikari.pool.HikariPool - hanhan - Thread starvation or clock leap detected (housekeeper delta=16m1s48ms).
07:14:19.869 [hanhan housekeeper] WARN  com.zaxxer.hikari.pool.HikariPool - hanhan - Thread starvation or clock leap detected (housekeeper delta=18m13s938ms).
08:54:18.791 [hanhan housekeeper] WARN  com.zaxxer.hikari.pool.HikariPool - hanhan - Thread starvation or clock leap detected (housekeeper delta=1h39m58s901ms).
09:02:13.405 [hanhan housekeeper] WARN  com.zaxxer.hikari.pool.HikariPool - hanhan - Thread starvation or clock leap detected (housekeeper delta=6m54s576ms).
09:36:57.424 [hanhan housekeeper] WARN  com.zaxxer.hikari.pool.HikariPool - hanhan - Thread starvation or clock leap detected (housekeeper delta=34m14s6ms).
09:55:21.415 [hanhan housekeeper] WARN  com.zaxxer.hikari.pool.HikariPool - hanhan - Thread starvation or clock leap detected (housekeeper delta=18m23s988ms).
10:12:37.106 [hanhan housekeeper] WARN  com.zaxxer.hikari.pool.HikariPool - hanhan - Thread starvation or clock leap detected (housekeeper delta=17m15s691ms).
10:54:14.532 [hanhan housekeeper] WARN  com.zaxxer.hikari.pool.HikariPool - hanhan - Thread starvation or clock leap detected (housekeeper delta=41m37s426ms).
11:09:42.637 [hanhan housekeeper] WARN  com.zaxxer.hikari.pool.HikariPool - hanhan - Retrograde clock change detected (housekeeper delta=28s28ms), soft-evicting connections from pool.
12:49:53.041 [hanhan housekeeper] WARN  com.zaxxer.hikari.pool.HikariPool - hanhan - Thread starvation or clock leap detected (housekeeper delta=1h23m40s218ms).
14:12:32.018 [hanhan housekeeper] WARN  com.zaxxer.hikari.pool.HikariPool - hanhan - Thread starvation or clock leap detected (housekeeper delta=1h22m38s980ms).
15:19:27.964 [hanhan housekeeper] WARN  com.zaxxer.hikari.pool.HikariPool - hanhan - Thread starvation or clock leap detected (housekeeper delta=1h6m55s947ms).
15:37:52.734 [hanhan housekeeper] WARN  com.zaxxer.hikari.pool.HikariPool - hanhan - Thread starvation or clock leap detected (housekeeper delta=18m24s775ms).
17:13:16.693 [hanhan housekeeper] WARN  com.zaxxer.hikari.pool.HikariPool - hanhan - Thread starvation or clock leap detected (housekeeper delta=58m23s694ms).
18:35:53.387 [hanhan housekeeper] WARN  com.zaxxer.hikari.pool.HikariPool - hanhan - Thread starvation or clock leap detected (housekeeper delta=1h22m36s696ms).
19:59:13.265 [hanhan housekeeper] WARN  com.zaxxer.hikari.pool.HikariPool - hanhan - Thread starvation or clock leap detected (housekeeper delta=1h23m19s880ms).
21:22:17.733 [hanhan housekeeper] WARN  com.zaxxer.hikari.pool.HikariPool - hanhan - Thread starvation or clock leap detected (housekeeper delta=1h23m4s468ms).
22:06:23.720 [hanhan housekeeper] WARN  com.zaxxer.hikari.pool.HikariPool - hanhan - Thread starvation or clock leap detected (housekeeper delta=44m5s986ms).
22:10:36.316 [hanhan housekeeper] WARN  com.zaxxer.hikari.pool.HikariPool - hanhan - Thread starvation or clock leap detected (housekeeper delta=4m12s595ms).
22:11:38.689 [hanhan housekeeper] WARN  com.zaxxer.hikari.pool.HikariPool - hanhan - Thread starvation or clock leap detected (housekeeper delta=1m2s376ms).
22:18:39.067 [hanhan housekeeper] WARN  com.zaxxer.hikari.pool.HikariPool - hanhan - Thread starvation or clock leap detected (housekeeper delta=5m30s332ms).
22:23:09.345 [SpringApplicationShutdownHook] INFO  com.zaxxer.hikari.HikariDataSource - hanhan - Shutdown initiated...
22:23:09.376 [SpringApplicationShutdownHook] INFO  com.zaxxer.hikari.HikariDataSource - hanhan - Shutdown completed.
